<?xml version="1.0" encoding="utf-8"?><testsuites name="pytest tests"><testsuite name="pytest" errors="0" failures="1" skipped="0" tests="10" time="35.772" timestamp="2026-07-14T14:37:32.774488+00:00" hostname="agent-env-cfb4ed84-909c-4290-8979-e5acf1ef035c"><testcase classname="tests.test_backend.TestRegression" name="test_root" time="0.206" /><testcase classname="tests.test_backend.TestCoach" name="test_form_analysis" time="8.274" /><testcase classname="tests.test_backend.TestRegression" name="test_profile_create_and_get" time="0.130" /><testcase classname="tests.test_backend.TestRegression" name="test_meals_crud" time="0.318" /><testcase classname="tests.test_backend.TestMealPlanning" name="test_generate_iperproteico" time="21.104" /><testcase classname="tests.test_backend.TestCoach" name="test_program_generation" time="13.201" /><testcase classname="tests.test_backend.TestCoach" name="test_recovery_deterministic" time="3.810"><failure message="AssertionError: assert 'Insufficient recovery' == 'Recupero insufficiente'&#10;  &#10;  - Recupero insufficiente&#10;  + Insufficient recovery">backend/tests/test_backend.py:229: in test_recovery_deterministic
    assert data["status"] == expected_status
E   AssertionError: assert 'Insufficient recovery' == 'Recupero insufficiente'
E     
E     - Recupero insufficiente
E     + Insufficient recovery</failure></testcase><testcase classname="tests.test_backend.TestMealPlanning" name="test_generate_custom" time="13.200" /><testcase classname="tests.test_backend.TestCoach" name="test_workouts_crud" time="1.198" /><testcase classname="tests.test_backend.TestMealPlanning" name="test_save_list_delete_plan" time="0.262" /></testsuite></testsuites>