<?xml version="1.0" encoding="utf-8"?><testsuites name="pytest tests"><testsuite name="pytest" errors="0" failures="1" skipped="0" tests="10" time="32.405" timestamp="2026-07-14T14:00:20.029327+00:00" hostname="agent-env-cfb4ed84-909c-4290-8979-e5acf1ef035c"><testcase classname="tests.test_backend.TestRegression" name="test_root" time="0.304" /><testcase classname="tests.test_backend.TestCoach" name="test_form_analysis" time="6.202" /><testcase classname="tests.test_backend.TestRegression" name="test_profile_create_and_get" time="0.623" /><testcase classname="tests.test_backend.TestRegression" name="test_meals_crud" time="0.467" /><testcase classname="tests.test_backend.TestMealPlanning" name="test_generate_iperproteico" time="16.553" /><testcase classname="tests.test_backend.TestCoach" name="test_program_generation" time="12.766" /><testcase classname="tests.test_backend.TestMealPlanning" name="test_generate_custom" time="13.541" /><testcase classname="tests.test_backend.TestCoach" name="test_recovery_deterministic" time="1.595"><failure message="AssertionError: {&quot;detail&quot;:&quot;Errore AI: Failed to generate chat completion: litellm.ServiceUnavailableError: ServiceUnavailableError: OpenAIException - upstream connect error or disconnect/reset before headers. reset reason: remote connection failure&quot;}&#10;assert 500 == 200&#10; +  where 500 = &lt;Response [500]&gt;.status_code">backend/tests/test_backend.py:225: in test_recovery_deterministic
    assert r.status_code == 200, r.text
E   AssertionError: {"detail":"Errore AI: Failed to generate chat completion: litellm.ServiceUnavailableError: ServiceUnavailableError: OpenAIException - upstream connect error or disconnect/reset before headers. reset reason: remote connection failure"}
E   assert 500 == 200
E    +  where 500 = &lt;Response [500]&gt;.status_code</failure></testcase><testcase classname="tests.test_backend.TestCoach" name="test_workouts_crud" time="1.206" /><testcase classname="tests.test_backend.TestMealPlanning" name="test_save_list_delete_plan" time="0.311" /></testsuite></testsuites>