<?xml version="1.0" encoding="utf-8"?><testsuites name="pytest tests"><testsuite name="pytest" errors="0" failures="0" skipped="0" tests="22" time="86.803" timestamp="2026-07-14T15:07:21.674775+00:00" hostname="agent-env-cfb4ed84-909c-4290-8979-e5acf1ef035c"><testcase classname="tests.test_lang_iter3.TestMealPlanLang" name="test_ingredients_preset_en" time="17.077" /><testcase classname="tests.test_backend.TestCoach" name="test_form_analysis" time="9.007" /><testcase classname="tests.test_backend.TestCoach" name="test_program_generation" time="13.414" /><testcase classname="tests.test_lang_iter3.TestMealPlanLang" name="test_bilanciato_en_keeps_italian_meal_type_keys" time="17.607" /><testcase classname="tests.test_backend.TestCoach" name="test_recovery_deterministic" time="4.333" /><testcase classname="tests.test_backend.TestCoach" name="test_workouts_crud" time="1.204" /><testcase classname="tests.test_backend.TestRegression" name="test_root" time="0.060" /><testcase classname="tests.test_backend.TestRegression" name="test_profile_create_and_get" time="0.117" /><testcase classname="tests.test_backend.TestRegression" name="test_meals_crud" time="0.306" /><testcase classname="tests.test_backend.TestMealPlanning" name="test_generate_iperproteico" time="15.530" /><testcase classname="tests.test_lang_iter3.TestMealPlanLang" name="test_iperproteico_it" time="12.053" /><testcase classname="tests.test_backend.TestMealPlanning" name="test_generate_custom" time="10.340" /><testcase classname="tests.test_lang_iter3.TestMealPlanLang" name="test_no_lang_defaults_ok" time="10.204" /><testcase classname="tests.test_backend.TestMealPlanning" name="test_save_list_delete_plan" time="0.266" /><testcase classname="tests.test_lang_iter3.TestRecoveryLang" name="test_recovery_en_status" time="3.994" /><testcase classname="tests.test_lang_iter3.TestAnalyzeFoodLang" name="test_default_lang_works" time="10.773" /><testcase classname="tests.test_lang_iter3.TestRecoveryLang" name="test_recovery_it_status" time="3.699" /><testcase classname="tests.test_lang_iter3.TestRecoveryLang" name="test_recovery_no_lang_defaults" time="3.827" /><testcase classname="tests.test_lang_iter3.TestProgramLang" name="test_program_en" time="13.589" /><testcase classname="tests.test_lang_iter3.TestAnalyzeFoodLang" name="test_lang_en" time="11.228" /><testcase classname="tests.test_lang_iter3.TestAnalyzeFoodLang" name="test_lang_it" time="7.309" /><testcase classname="tests.test_lang_iter3.TestFormAnalysisLang" name="test_form_analysis_en" time="5.819" /></testsuite></testsuites>