<?xml version="1.0" encoding="utf-8"?><testsuites name="pytest tests"><testsuite name="pytest" errors="0" failures="0" skipped="0" tests="58" time="161.446" timestamp="2026-07-16T22:20:29.197678+00:00" hostname="agent-env-cfb4ed84-909c-4290-8979-e5acf1ef035c"><testcase classname="tests.test_iter6_refactor" name="test_server_does_not_import_emergentintegrations" time="0.000" /><testcase classname="tests.test_iter4_multilang.TestRecoveryMultiLang" name="test_recovery_status_label[es]" time="3.962" /><testcase classname="tests.test_iter6_refactor" name="test_server_imports_from_ai_package" time="0.000" /><testcase classname="tests.test_iter6_refactor" name="test_get_ai_service_singleton" time="0.000" /><testcase classname="tests.test_iter6_refactor" name="test_get_ai_service_singleton_across_reimport" time="0.000" /><testcase classname="tests.test_iter6_refactor" name="test_compute_helpers_still_in_server" time="0.000" /><testcase classname="tests.test_iter6_refactor" name="test_compute_bmi_values_unchanged" time="0.000" /><testcase classname="tests.test_iter6_refactor" name="test_recovery_status_labels_identical" time="0.000" /><testcase classname="tests.test_iter6_refactor" name="test_ai_package_public_surface" time="0.000" /><testcase classname="tests.test_iter6_refactor" name="test_recovery_status_for_thresholds" time="0.000" /><testcase classname="tests.test_iter5_codequality.TestComputeBMI" name="test_zero_height_returns_nd_category" time="0.000" /><testcase classname="tests.test_iter5_codequality.TestComputeBMI" name="test_negative_height_returns_nd" time="0.000" /><testcase classname="tests.test_iter5_codequality.TestComputeBMI" name="test_normal_bmi" time="0.000" /><testcase classname="tests.test_iter5_codequality.TestComputeBMI" name="test_underweight" time="0.000" /><testcase classname="tests.test_iter5_codequality.TestComputeBMI" name="test_overweight" time="0.000" /><testcase classname="tests.test_iter5_codequality.TestComputeBMI" name="test_obese" time="0.000" /><testcase classname="tests.test_backend.TestCoach" name="test_form_analysis" time="14.909" /><testcase classname="tests.test_iter4_multilang.TestRecoveryMultiLang" name="test_recovery_status_label[fr]" time="3.799" /><testcase classname="tests.test_iter4_multilang.TestRecoveryMultiLang" name="test_recovery_status_label[de]" time="3.607" /><testcase classname="tests.test_iter4_multilang.TestRecoveryMultiLang" name="test_recovery_status_label[sq]" time="4.857" /><testcase classname="tests.test_backend.TestCoach" name="test_program_generation" time="15.889" /><testcase classname="tests.test_iter4_multilang.TestRecoveryMultiLang" name="test_recovery_status_label[el]" time="4.210" /><testcase classname="tests.test_iter4_multilang.TestRecoveryMultiLang" name="test_recovery_status_label[zh]" time="4.316" /><testcase classname="tests.test_iter4_multilang.TestRecoveryMultiLang" name="test_recovery_unknown_lang_falls_back_to_english" time="3.479" /><testcase classname="tests.test_iter4_multilang.TestAnalyzeFoodMultiLang" name="test_analyze_food_lang[es]" time="8.572" /><testcase classname="tests.test_backend.TestCoach" name="test_recovery_deterministic" time="4.241" /><testcase classname="tests.test_backend.TestCoach" name="test_workouts_crud" time="1.165" /><testcase classname="tests.test_lang_iter3.TestMealPlanLang" name="test_ingredients_preset_en" time="14.447" /><testcase classname="tests.test_iter4_multilang.TestAnalyzeFoodMultiLang" name="test_analyze_food_lang[fr]" time="9.322" /><testcase classname="tests.test_iter4_multilang.TestAnalyzeFoodMultiLang" name="test_analyze_food_lang[de]" time="11.309" /><testcase classname="tests.test_lang_iter3.TestMealPlanLang" name="test_bilanciato_en_keeps_italian_meal_type_keys" time="10.387" /><testcase classname="tests.test_iter4_multilang.TestAnalyzeFoodMultiLang" name="test_analyze_food_lang[zh]" time="11.903" /><testcase classname="tests.test_lang_iter3.TestMealPlanLang" name="test_iperproteico_it" time="11.690" /><testcase classname="tests.test_backend.TestRegression" name="test_root" time="0.057" /><testcase classname="tests.test_backend.TestRegression" name="test_profile_create_and_get" time="0.117" /><testcase classname="tests.test_backend.TestRegression" name="test_meals_crud" time="0.264" /><testcase classname="tests.test_iter4_multilang.TestPantryExtract" name="test_pantry_extract_lang[en]" time="4.475" /><testcase classname="tests.test_lang_iter3.TestMealPlanLang" name="test_no_lang_defaults_ok" time="7.115" /><testcase classname="tests.test_iter4_multilang.TestPantryExtract" name="test_pantry_extract_lang[it]" time="3.551" /><testcase classname="tests.test_iter4_multilang.TestPantryExtract" name="test_pantry_extract_missing_image_returns_400" time="0.050" /><testcase classname="tests.test_lang_iter3.TestAnalyzeFoodLang" name="test_default_lang_works" time="8.668" /><testcase classname="tests.test_backend.TestMealPlanning" name="test_generate_iperproteico" time="11.984" /><testcase classname="tests.test_lang_iter3.TestAnalyzeFoodLang" name="test_lang_en" time="10.024" /><testcase classname="tests.test_backend.TestMealPlanning" name="test_generate_custom" time="9.964" /><testcase classname="tests.test_lang_iter3.TestAnalyzeFoodLang" name="test_lang_it" time="12.481" /><testcase classname="tests.test_backend.TestMealPlanning" name="test_save_list_delete_plan" time="0.216" /><testcase classname="tests.test_iter5_codequality.TestPantrySizeGuard" name="test_pantry_extract_rejects_oversized_image" time="0.416" /><testcase classname="tests.test_iter5_codequality.TestPantrySizeGuard" name="test_pantry_extract_rejects_missing_image" time="0.099" /><testcase classname="tests.test_iter4_multilang.TestMealPlanFrench" name="test_meal_plan_fr_iperproteico" time="11.398" /><testcase classname="tests.test_lang_iter3.TestRecoveryLang" name="test_recovery_en_status" time="3.987" /><testcase classname="tests.test_lang_iter3.TestRecoveryLang" name="test_recovery_it_status" time="4.046" /><testcase classname="tests.test_iter4_multilang.TestProgramGerman" name="test_program_de" time="19.626" /><testcase classname="tests.test_lang_iter3.TestRecoveryLang" name="test_recovery_no_lang_defaults" time="4.040" /><testcase classname="tests.test_iter5_codequality.TestAnalyzeFoodInputValidation" name="test_analyze_food_missing_image_returns_400" time="0.186" /><testcase classname="tests.test_lang_iter3.TestProgramLang" name="test_program_en" time="10.963" /><testcase classname="tests.test_lang_iter3.TestFormAnalysisLang" name="test_form_analysis_en" time="24.540" /><testcase classname="tests.test_iter4_multilang.TestWorkoutsLogDateFilter" name="test_workouts_log_date_filter" time="0.273" /><testcase classname="tests.test_iter5_codequality.TestRootEndpoint" name="test_root" time="0.167" /></testsuite></testsuites>