<?xml version="1.0" encoding="utf-8"?><testsuites name="pytest tests"><testsuite name="pytest" errors="0" failures="1" skipped="0" tests="49" time="155.244" timestamp="2026-07-16T15:26:27.909076+00:00" hostname="agent-env-cfb4ed84-909c-4290-8979-e5acf1ef035c"><testcase classname="tests.test_iter5_codequality.TestComputeBMI" name="test_zero_height_returns_nd_category" time="0.000" /><testcase classname="tests.test_iter4_multilang.TestRecoveryMultiLang" name="test_recovery_status_label[es]" time="3.787" /><testcase classname="tests.test_iter5_codequality.TestComputeBMI" name="test_negative_height_returns_nd" time="0.000" /><testcase classname="tests.test_iter5_codequality.TestComputeBMI" name="test_normal_bmi" time="0.000" /><testcase classname="tests.test_iter5_codequality.TestComputeBMI" name="test_underweight" time="0.000" /><testcase classname="tests.test_iter5_codequality.TestComputeBMI" name="test_overweight" time="0.000" /><testcase classname="tests.test_iter5_codequality.TestComputeBMI" name="test_obese" time="0.000" /><testcase classname="tests.test_backend.TestCoach" name="test_form_analysis" time="7.456" /><testcase classname="tests.test_iter4_multilang.TestRecoveryMultiLang" name="test_recovery_status_label[fr]" time="3.619" /><testcase classname="tests.test_iter4_multilang.TestRecoveryMultiLang" name="test_recovery_status_label[de]" time="3.894" /><testcase classname="tests.test_backend.TestCoach" name="test_program_generation" time="12.423" /><testcase classname="tests.test_iter4_multilang.TestRecoveryMultiLang" name="test_recovery_status_label[sq]" time="4.133" /><testcase classname="tests.test_iter4_multilang.TestRecoveryMultiLang" name="test_recovery_status_label[el]" time="4.426" /><testcase classname="tests.test_iter4_multilang.TestRecoveryMultiLang" name="test_recovery_status_label[zh]" time="3.975" /><testcase classname="tests.test_backend.TestCoach" name="test_recovery_deterministic" time="4.883" /><testcase classname="tests.test_iter4_multilang.TestRecoveryMultiLang" name="test_recovery_unknown_lang_falls_back_to_english" time="3.719" /><testcase classname="tests.test_backend.TestCoach" name="test_workouts_crud" time="1.183" /><testcase classname="tests.test_lang_iter3.TestMealPlanLang" name="test_ingredients_preset_en" time="13.611" /><testcase classname="tests.test_iter4_multilang.TestAnalyzeFoodMultiLang" name="test_analyze_food_lang[es]" time="10.130" /><testcase classname="tests.test_iter4_multilang.TestAnalyzeFoodMultiLang" name="test_analyze_food_lang[fr]" time="9.329"><failure message="AssertionError: Internal Server Error&#10;assert 500 == 200&#10; +  where 500 = &lt;Response [500]&gt;.status_code">backend/tests/test_iter4_multilang.py:50: in test_analyze_food_lang
    assert r.status_code == 200, r.text
E   AssertionError: Internal Server Error
E   assert 500 == 200
E    +  where 500 = &lt;Response [500]&gt;.status_code</failure></testcase><testcase classname="tests.test_lang_iter3.TestMealPlanLang" name="test_bilanciato_en_keeps_italian_meal_type_keys" time="13.359" /><testcase classname="tests.test_iter4_multilang.TestAnalyzeFoodMultiLang" name="test_analyze_food_lang[de]" time="12.252" /><testcase classname="tests.test_lang_iter3.TestMealPlanLang" name="test_iperproteico_it" time="17.350" /><testcase classname="tests.test_iter4_multilang.TestAnalyzeFoodMultiLang" name="test_analyze_food_lang[zh]" time="10.681" /><testcase classname="tests.test_backend.TestRegression" name="test_root" time="0.062" /><testcase classname="tests.test_backend.TestRegression" name="test_profile_create_and_get" time="0.119" /><testcase classname="tests.test_backend.TestRegression" name="test_meals_crud" time="0.291" /><testcase classname="tests.test_lang_iter3.TestMealPlanLang" name="test_no_lang_defaults_ok" time="10.136" /><testcase classname="tests.test_iter4_multilang.TestPantryExtract" name="test_pantry_extract_lang[en]" time="3.979" /><testcase classname="tests.test_iter4_multilang.TestPantryExtract" name="test_pantry_extract_lang[it]" time="5.119" /><testcase classname="tests.test_iter4_multilang.TestPantryExtract" name="test_pantry_extract_missing_image_returns_400" time="0.062" /><testcase classname="tests.test_lang_iter3.TestAnalyzeFoodLang" name="test_default_lang_works" time="12.336" /><testcase classname="tests.test_backend.TestMealPlanning" name="test_generate_iperproteico" time="16.579" /><testcase classname="tests.test_lang_iter3.TestAnalyzeFoodLang" name="test_lang_en" time="9.308" /><testcase classname="tests.test_backend.TestMealPlanning" name="test_generate_custom" time="11.691" /><testcase classname="tests.test_lang_iter3.TestAnalyzeFoodLang" name="test_lang_it" time="10.939" /><testcase classname="tests.test_backend.TestMealPlanning" name="test_save_list_delete_plan" time="0.210" /><testcase classname="tests.test_iter5_codequality.TestPantrySizeGuard" name="test_pantry_extract_rejects_oversized_image" time="0.492" /><testcase classname="tests.test_iter5_codequality.TestPantrySizeGuard" name="test_pantry_extract_rejects_missing_image" time="0.111" /><testcase classname="tests.test_iter4_multilang.TestMealPlanFrench" name="test_meal_plan_fr_iperproteico" time="15.324" /><testcase classname="tests.test_lang_iter3.TestRecoveryLang" name="test_recovery_en_status" time="4.422" /><testcase classname="tests.test_lang_iter3.TestRecoveryLang" name="test_recovery_it_status" time="4.188" /><testcase classname="tests.test_lang_iter3.TestRecoveryLang" name="test_recovery_no_lang_defaults" time="4.356" /><testcase classname="tests.test_iter4_multilang.TestProgramGerman" name="test_program_de" time="12.749" /><testcase classname="tests.test_iter5_codequality.TestAnalyzeFoodInputValidation" name="test_analyze_food_missing_image_returns_400" time="0.212" /><testcase classname="tests.test_iter5_codequality.TestRootEndpoint" name="test_root" time="0.199" /><testcase classname="tests.test_lang_iter3.TestFormAnalysisLang" name="test_form_analysis_en" time="10.300" /><testcase classname="tests.test_iter4_multilang.TestWorkoutsLogDateFilter" name="test_workouts_log_date_filter" time="0.348" /><testcase classname="tests.test_lang_iter3.TestProgramLang" name="test_program_en" time="12.534" /></testsuite></testsuites>