<?xml version="1.0" encoding="utf-8"?><testsuites name="pytest tests"><testsuite name="pytest" errors="0" failures="0" skipped="0" tests="17" time="59.002" timestamp="2026-07-14T15:06:16.986221+00:00" hostname="agent-env-cfb4ed84-909c-4290-8979-e5acf1ef035c"><testcase classname="tests.test_iter4_multilang.TestRecoveryMultiLang" name="test_recovery_status_label[es]" time="4.160" /><testcase classname="tests.test_iter4_multilang.TestAnalyzeFoodMultiLang" name="test_analyze_food_lang[es]" time="12.160" /><testcase classname="tests.test_iter4_multilang.TestRecoveryMultiLang" name="test_recovery_status_label[fr]" time="3.684" /><testcase classname="tests.test_iter4_multilang.TestRecoveryMultiLang" name="test_recovery_status_label[de]" time="3.586" /><testcase classname="tests.test_iter4_multilang.TestRecoveryMultiLang" name="test_recovery_status_label[sq]" time="4.144" /><testcase classname="tests.test_iter4_multilang.TestAnalyzeFoodMultiLang" name="test_analyze_food_lang[fr]" time="12.340" /><testcase classname="tests.test_iter4_multilang.TestRecoveryMultiLang" name="test_recovery_status_label[el]" time="4.437" /><testcase classname="tests.test_iter4_multilang.TestRecoveryMultiLang" name="test_recovery_status_label[zh]" time="3.661" /><testcase classname="tests.test_iter4_multilang.TestRecoveryMultiLang" name="test_recovery_unknown_lang_falls_back_to_english" time="4.136" /><testcase classname="tests.test_iter4_multilang.TestAnalyzeFoodMultiLang" name="test_analyze_food_lang[de]" time="10.044" /><testcase classname="tests.test_iter4_multilang.TestPantryExtract" name="test_pantry_extract_lang[en]" time="3.167" /><testcase classname="tests.test_iter4_multilang.TestPantryExtract" name="test_pantry_extract_lang[it]" time="5.051" /><testcase classname="tests.test_iter4_multilang.TestAnalyzeFoodMultiLang" name="test_analyze_food_lang[zh]" time="10.389" /><testcase classname="tests.test_iter4_multilang.TestPantryExtract" name="test_pantry_extract_missing_image_returns_400" time="0.075" /><testcase classname="tests.test_iter4_multilang.TestProgramGerman" name="test_program_de" time="14.225" /><testcase classname="tests.test_iter4_multilang.TestMealPlanFrench" name="test_meal_plan_fr_iperproteico" time="12.905" /><testcase classname="tests.test_iter4_multilang.TestWorkoutsLogDateFilter" name="test_workouts_log_date_filter" time="0.383" /></testsuite></testsuites>