<?xml version="1.0" encoding="utf-8"?><testsuites name="pytest tests"><testsuite name="pytest" errors="0" failures="3" skipped="0" tests="49" time="110.054" timestamp="2026-07-16T15:23:32.000794+00:00" hostname="agent-env-cfb4ed84-909c-4290-8979-e5acf1ef035c"><testcase classname="tests.test_iter5_codequality.TestComputeBMI" name="test_zero_height_returns_nd_category" time="0.000" /><testcase classname="tests.test_iter4_multilang.TestRecoveryMultiLang" name="test_recovery_status_label[es]" time="3.606" /><testcase classname="tests.test_iter5_codequality.TestComputeBMI" name="test_negative_height_returns_nd" time="0.000" /><testcase classname="tests.test_iter5_codequality.TestComputeBMI" name="test_normal_bmi" time="0.000" /><testcase classname="tests.test_iter5_codequality.TestComputeBMI" name="test_underweight" time="0.000" /><testcase classname="tests.test_iter5_codequality.TestComputeBMI" name="test_overweight" time="0.000" /><testcase classname="tests.test_iter5_codequality.TestComputeBMI" name="test_obese" time="0.000" /><testcase classname="tests.test_backend.TestCoach" name="test_form_analysis" time="5.434" /><testcase classname="tests.test_iter4_multilang.TestRecoveryMultiLang" name="test_recovery_status_label[fr]" time="3.066" /><testcase classname="tests.test_backend.TestCoach" name="test_program_generation" time="17.451" /><testcase classname="tests.test_iter4_multilang.TestRecoveryMultiLang" name="test_recovery_status_label[de]" time="3.424" /><testcase classname="tests.test_iter4_multilang.TestRecoveryMultiLang" name="test_recovery_status_label[sq]" time="4.731" /><testcase classname="tests.test_iter4_multilang.TestRecoveryMultiLang" name="test_recovery_status_label[el]" time="3.920" /><testcase classname="tests.test_iter4_multilang.TestRecoveryMultiLang" name="test_recovery_status_label[zh]" time="3.863" /><testcase classname="tests.test_iter4_multilang.TestRecoveryMultiLang" name="test_recovery_unknown_lang_falls_back_to_english" time="4.600" /><testcase classname="tests.test_backend.TestCoach" name="test_recovery_deterministic" time="6.317" /><testcase classname="tests.test_iter4_multilang.TestAnalyzeFoodMultiLang" name="test_analyze_food_lang[es]" time="4.101" /><testcase classname="tests.test_backend.TestCoach" name="test_workouts_crud" time="1.168" /><testcase classname="tests.test_lang_iter3.TestMealPlanLang" name="test_ingredients_preset_en" time="11.560" /><testcase classname="tests.test_iter4_multilang.TestAnalyzeFoodMultiLang" name="test_analyze_food_lang[fr]" time="2.626" /><testcase classname="tests.test_iter4_multilang.TestAnalyzeFoodMultiLang" name="test_analyze_food_lang[de]" time="3.403" /><testcase classname="tests.test_iter4_multilang.TestAnalyzeFoodMultiLang" name="test_analyze_food_lang[zh]" time="3.017" /><testcase classname="tests.test_backend.TestRegression" name="test_root" time="0.058" /><testcase classname="tests.test_backend.TestRegression" name="test_profile_create_and_get" time="0.113" /><testcase classname="tests.test_backend.TestRegression" name="test_meals_crud" time="0.272" /><testcase classname="tests.test_backend.TestMealPlanning" name="test_generate_iperproteico" time="14.826" /><testcase classname="tests.test_lang_iter3.TestMealPlanLang" name="test_bilanciato_en_keeps_italian_meal_type_keys" time="10.444" /><testcase classname="tests.test_lang_iter3.TestMealPlanLang" name="test_iperproteico_it" time="10.877" /><testcase classname="tests.test_backend.TestMealPlanning" name="test_generate_custom" time="12.584" /><testcase classname="tests.test_lang_iter3.TestMealPlanLang" name="test_no_lang_defaults_ok" time="7.836" /><testcase classname="tests.test_backend.TestMealPlanning" name="test_save_list_delete_plan" time="0.266" /><testcase classname="tests.test_lang_iter3.TestAnalyzeFoodLang" name="test_default_lang_works" time="2.782"><failure message="assert (True and 0 &gt;= 1)&#10; +  where True = isinstance([], list)&#10; +  and   0 = len([])">backend/tests/test_lang_iter3.py:59: in test_default_lang_works
    assert isinstance(data["foods"], list) and len(data["foods"]) &gt;= 1
E   assert (True and 0 &gt;= 1)
E    +  where True = isinstance([], list)
E    +  and   0 = len([])</failure></testcase><testcase classname="tests.test_iter4_multilang.TestPantryExtract" name="test_pantry_extract_lang[en]" time="1.756"><failure message="AssertionError: Expected non-empty ingredients from real food image&#10;assert 0 &gt; 0&#10; +  where 0 = len([])">backend/tests/test_iter4_multilang.py:197: in test_pantry_extract_lang
    assert len(data["ingredients"]) &gt; 0, "Expected non-empty ingredients from real food image"
E   AssertionError: Expected non-empty ingredients from real food image
E   assert 0 &gt; 0
E    +  where 0 = len([])</failure></testcase><testcase classname="tests.test_lang_iter3.TestAnalyzeFoodLang" name="test_lang_en" time="3.302" /><testcase classname="tests.test_iter4_multilang.TestPantryExtract" name="test_pantry_extract_lang[it]" time="2.157"><failure message="AssertionError: Expected non-empty ingredients from real food image&#10;assert 0 &gt; 0&#10; +  where 0 = len([])">backend/tests/test_iter4_multilang.py:197: in test_pantry_extract_lang
    assert len(data["ingredients"]) &gt; 0, "Expected non-empty ingredients from real food image"
E   AssertionError: Expected non-empty ingredients from real food image
E   assert 0 &gt; 0
E    +  where 0 = len([])</failure></testcase><testcase classname="tests.test_lang_iter3.TestAnalyzeFoodLang" name="test_lang_it" time="3.254" /><testcase classname="tests.test_iter4_multilang.TestPantryExtract" name="test_pantry_extract_missing_image_returns_400" time="0.046" /><testcase classname="tests.test_iter5_codequality.TestPantrySizeGuard" name="test_pantry_extract_rejects_oversized_image" time="0.510" /><testcase classname="tests.test_iter5_codequality.TestPantrySizeGuard" name="test_pantry_extract_rejects_missing_image" time="0.148" /><testcase classname="tests.test_iter4_multilang.TestMealPlanFrench" name="test_meal_plan_fr_iperproteico" time="15.063" /><testcase classname="tests.test_lang_iter3.TestRecoveryLang" name="test_recovery_en_status" time="3.536" /><testcase classname="tests.test_lang_iter3.TestRecoveryLang" name="test_recovery_it_status" time="4.170" /><testcase classname="tests.test_lang_iter3.TestRecoveryLang" name="test_recovery_no_lang_defaults" time="4.019" /><testcase classname="tests.test_iter5_codequality.TestAnalyzeFoodInputValidation" name="test_analyze_food_missing_image_returns_400" time="0.175" /><testcase classname="tests.test_iter5_codequality.TestRootEndpoint" name="test_root" time="0.167" /><testcase classname="tests.test_lang_iter3.TestProgramLang" name="test_program_en" time="12.138" /><testcase classname="tests.test_iter4_multilang.TestProgramGerman" name="test_program_de" time="13.494" /><testcase classname="tests.test_lang_iter3.TestFormAnalysisLang" name="test_form_analysis_en" time="2.936" /><testcase classname="tests.test_iter4_multilang.TestWorkoutsLogDateFilter" name="test_workouts_log_date_filter" time="0.307" /></testsuite></testsuites>