<?xml version="1.0" encoding="utf-8"?><testsuites name="pytest tests"><testsuite name="pytest" errors="0" failures="0" skipped="0" tests="12" time="73.147" timestamp="2026-07-14T14:36:14.784581+00:00" hostname="agent-env-cfb4ed84-909c-4290-8979-e5acf1ef035c"><testcase classname="tests.test_lang_iter3.TestMealPlanLang" name="test_ingredients_preset_en" time="20.404" /><testcase classname="tests.test_lang_iter3.TestAnalyzeFoodLang" name="test_default_lang_works" time="10.854" /><testcase classname="tests.test_lang_iter3.TestAnalyzeFoodLang" name="test_lang_en" time="9.355" /><testcase classname="tests.test_lang_iter3.TestAnalyzeFoodLang" name="test_lang_it" time="13.297" /><testcase classname="tests.test_lang_iter3.TestMealPlanLang" name="test_bilanciato_en_keeps_italian_meal_type_keys" time="16.116" /><testcase classname="tests.test_lang_iter3.TestRecoveryLang" name="test_recovery_en_status" time="3.552" /><testcase classname="tests.test_lang_iter3.TestMealPlanLang" name="test_iperproteico_it" time="14.502" /><testcase classname="tests.test_lang_iter3.TestRecoveryLang" name="test_recovery_it_status" time="4.117" /><testcase classname="tests.test_lang_iter3.TestRecoveryLang" name="test_recovery_no_lang_defaults" time="4.330" /><testcase classname="tests.test_lang_iter3.TestFormAnalysisLang" name="test_form_analysis_en" time="6.100" /><testcase classname="tests.test_lang_iter3.TestMealPlanLang" name="test_no_lang_defaults_ok" time="9.541" /><testcase classname="tests.test_lang_iter3.TestProgramLang" name="test_program_en" time="11.994" /></testsuite></testsuites>