<?xml version="1.0" encoding="utf-8"?><testsuites name="pytest tests"><testsuite name="pytest" errors="0" failures="0" skipped="0" tests="16" time="41.768" timestamp="2026-07-16T15:25:40.279164+00:00" hostname="agent-env-cfb4ed84-909c-4290-8979-e5acf1ef035c"><testcase classname="tests.test_lang_iter3.TestAnalyzeFoodLang" name="test_default_lang_works" time="11.185" /><testcase classname="tests.test_iter5_codequality.TestComputeBMI" name="test_zero_height_returns_nd_category" time="0.000" /><testcase classname="tests.test_iter5_codequality.TestComputeBMI" name="test_negative_height_returns_nd" time="0.000" /><testcase classname="tests.test_iter5_codequality.TestComputeBMI" name="test_normal_bmi" time="0.000" /><testcase classname="tests.test_iter5_codequality.TestComputeBMI" name="test_underweight" time="0.000" /><testcase classname="tests.test_iter5_codequality.TestComputeBMI" name="test_overweight" time="0.000" /><testcase classname="tests.test_iter5_codequality.TestComputeBMI" name="test_obese" time="0.000" /><testcase classname="tests.test_iter4_multilang.TestPantryExtract" name="test_pantry_extract_lang[en]" time="3.640" /><testcase classname="tests.test_iter4_multilang.TestPantryExtract" name="test_pantry_extract_lang[it]" time="4.169" /><testcase classname="tests.test_iter4_multilang.TestPantryExtract" name="test_pantry_extract_missing_image_returns_400" time="0.058" /><testcase classname="tests.test_iter5_codequality.TestPantrySizeGuard" name="test_pantry_extract_rejects_oversized_image" time="0.718" /><testcase classname="tests.test_iter5_codequality.TestPantrySizeGuard" name="test_pantry_extract_rejects_missing_image" time="0.130" /><testcase classname="tests.test_iter5_codequality.TestAnalyzeFoodInputValidation" name="test_analyze_food_missing_image_returns_400" time="0.118" /><testcase classname="tests.test_iter5_codequality.TestRootEndpoint" name="test_root" time="0.154" /><testcase classname="tests.test_lang_iter3.TestAnalyzeFoodLang" name="test_lang_en" time="11.772" /><testcase classname="tests.test_lang_iter3.TestAnalyzeFoodLang" name="test_lang_it" time="14.053" /></testsuite></testsuites>